  [1m[35m (8.7ms)[0m  [1m[35mCREATE DATABASE `mltavoblog_development` DEFAULT CHARACTER SET `utf8mb4`[0m
  [1m[35m (38.6ms)[0m  [1m[35mCREATE DATABASE `mltavoblog_test` DEFAULT CHARACTER SET `utf8mb4`[0m
  [1m[35m (21.1ms)[0m  [1m[35mCREATE TABLE `schema_migrations` (`version` varchar(255) NOT NULL PRIMARY KEY)[0m
  [1m[35m (8.0ms)[0m  [1m[35mCREATE TABLE `ar_internal_metadata` (`key` varchar(255) NOT NULL PRIMARY KEY, `value` varchar(255), `created_at` datetime(6) NOT NULL, `updated_at` datetime(6) NOT NULL)[0m
  [1m[35m (0.2ms)[0m  [1m[34mSELECT GET_LOCK('8492219365917019530', 0)[0m
  [1m[36mActiveRecord::SchemaMigration Pluck (9.0ms)[0m  [1m[34mSELECT `schema_migrations`.`version` FROM `schema_migrations` ORDER BY `schema_migrations`.`version` ASC[0m
Migrating to CreatePosts (20230604105342)
  [1m[35m (48.6ms)[0m  [1m[35mCREATE TABLE `posts` (`id` bigint NOT NULL AUTO_INCREMENT PRIMARY KEY, `title` varchar(255), `body` text, `tag` varchar(255), `created_at` datetime(6) NOT NULL, `updated_at` datetime(6) NOT NULL)[0m
  [1m[36mTRANSACTION (0.2ms)[0m  [1m[35mBEGIN[0m
  [1m[36mActiveRecord::SchemaMigration Create (42.6ms)[0m  [1m[32mINSERT INTO `schema_migrations` (`version`) VALUES ('20230604105342')[0m
  [1m[36mTRANSACTION (0.7ms)[0m  [1m[35mCOMMIT[0m
  [1m[36mActiveRecord::InternalMetadata Load (41.9ms)[0m  [1m[34mSELECT `ar_internal_metadata`.* FROM `ar_internal_metadata` WHERE `ar_internal_metadata`.`key` = 'environment' LIMIT 1[0m
  [1m[36mTRANSACTION (0.2ms)[0m  [1m[35mBEGIN[0m
  [1m[36mActiveRecord::InternalMetadata Create (0.4ms)[0m  [1m[32mINSERT INTO `ar_internal_metadata` (`key`, `value`, `created_at`, `updated_at`) VALUES ('environment', 'development', '2023-06-04 10:56:10.178106', '2023-06-04 10:56:10.178106')[0m
  [1m[36mTRANSACTION (40.5ms)[0m  [1m[35mCOMMIT[0m
  [1m[35m (0.4ms)[0m  [1m[34mSELECT RELEASE_LOCK('8492219365917019530')[0m
  [1m[36mActiveRecord::SchemaMigration Pluck (0.3ms)[0m  [1m[34mSELECT `schema_migrations`.`version` FROM `schema_migrations` ORDER BY `schema_migrations`.`version` ASC[0m
Started GET "/" for 127.0.0.1 at 2023-06-04 13:56:43 +0300
  [1m[36mActiveRecord::SchemaMigration Pluck (0.9ms)[0m  [1m[34mSELECT `schema_migrations`.`version` FROM `schema_migrations` ORDER BY `schema_migrations`.`version` ASC[0m
Processing by Rails::WelcomeController#index as HTML
  Rendering /Users/nashthedev/.rvm/gems/ruby-3.2.0/gems/railties-7.0.5/lib/rails/templates/rails/welcome/index.html.erb
  Rendered /Users/nashthedev/.rvm/gems/ruby-3.2.0/gems/railties-7.0.5/lib/rails/templates/rails/welcome/index.html.erb (Duration: 2.8ms | Allocations: 632)
Completed 200 OK in 1173ms (Views: 11.0ms | ActiveRecord: 0.0ms | Allocations: 13848)


Started GET "/admin" for 127.0.0.1 at 2023-06-04 13:57:49 +0300
Processing by Avo::HomeController#index as HTML
[Avo] Performing request to avohq.io API to check license availability.
  Rendering layout /Users/nashthedev/.rvm/gems/ruby-3.2.0/gems/avo-2.33.2/app/views/layouts/avo/application.html.erb
  Rendering /Users/nashthedev/.rvm/gems/ruby-3.2.0/gems/avo-2.33.2/app/views/avo/home/index.html.erb within layouts/avo/application
  Rendered /Users/nashthedev/.rvm/gems/ruby-3.2.0/gems/avo-2.33.2/app/views/avo/home/_resources.html.erb (Duration: 1.3ms | Allocations: 347)
  Rendered /Users/nashthedev/.rvm/gems/ruby-3.2.0/gems/avo-2.33.2/app/views/avo/home/_dashboards.html.erb (Duration: 0.7ms | Allocations: 134)
  Rendered /Users/nashthedev/.rvm/gems/ruby-3.2.0/gems/avo-2.33.2/app/views/avo/home/_filters.html.erb (Duration: 0.8ms | Allocations: 120)
  Rendered /Users/nashthedev/.rvm/gems/ruby-3.2.0/gems/avo-2.33.2/app/views/avo/home/_actions.html.erb (Duration: 0.8ms | Allocations: 119)
  Rendered /Users/nashthedev/.rvm/gems/ruby-3.2.0/gems/avo-2.33.2/app/views/avo/home/_docs.html.erb (Duration: 0.8ms | Allocations: 113)
  Rendered /Users/nashthedev/.rvm/gems/ruby-3.2.0/gems/avo-2.33.2/app/views/avo/home/index.html.erb within layouts/avo/application (Duration: 84.9ms | Allocations: 10305)
  Rendered /Users/nashthedev/.rvm/gems/ruby-3.2.0/gems/avo-2.33.2/app/views/avo/partials/_javascript.html.erb (Duration: 1.7ms | Allocations: 377)
  Rendered /Users/nashthedev/.rvm/gems/ruby-3.2.0/gems/avo-2.33.2/app/views/avo/partials/_branding.html.erb (Duration: 1.2ms | Allocations: 362)
  Rendered /Users/nashthedev/.rvm/gems/ruby-3.2.0/gems/avo-2.33.2/app/views/avo/partials/_pre_head.html.erb (Duration: 0.5ms | Allocations: 93)
  Rendered /Users/nashthedev/.rvm/gems/ruby-3.2.0/gems/avo-2.33.2/app/views/avo/partials/_head.html.erb (Duration: 0.9ms | Allocations: 93)
  Rendered /Users/nashthedev/.rvm/gems/ruby-3.2.0/gems/avo-2.33.2/app/views/avo/partials/_logo.html.erb (Duration: 1.6ms | Allocations: 432)
  Rendered /Users/nashthedev/.rvm/gems/ruby-3.2.0/gems/avo-2.33.2/app/views/avo/partials/_global_search.html.erb (Duration: 1.3ms | Allocations: 233)
  Rendered /Users/nashthedev/.rvm/gems/ruby-3.2.0/gems/avo-2.33.2/app/views/avo/partials/_header.html.erb (Duration: 2.7ms | Allocations: 165)
  Rendered /Users/nashthedev/.rvm/gems/ruby-3.2.0/gems/avo-2.33.2/app/views/avo/partials/_navbar.html.erb (Duration: 34.4ms | Allocations: 5898)
  Rendered /Users/nashthedev/.rvm/gems/ruby-3.2.0/gems/avo-2.33.2/app/views/avo/partials/_sidebar_extra.html.erb (Duration: 0.9ms | Allocations: 121)
  Rendered /Users/nashthedev/.rvm/gems/ruby-3.2.0/gems/avo-2.33.2/app/views/avo/sidebar/_license_warnings.html.erb (Duration: 1.1ms | Allocations: 203)
  Rendered /Users/nashthedev/.rvm/gems/ruby-3.2.0/gems/avo-2.33.2/app/views/avo/partials/_sidebar_extra.html.erb (Duration: 0.0ms | Allocations: 8)
  Rendered /Users/nashthedev/.rvm/gems/ruby-3.2.0/gems/avo-2.33.2/app/views/avo/sidebar/_license_warnings.html.erb (Duration: 0.0ms | Allocations: 9)
  Rendered /Users/nashthedev/.rvm/gems/ruby-3.2.0/gems/avo-2.33.2/app/views/avo/partials/_custom_tools_alert.html.erb (Duration: 1.9ms | Allocations: 386)
  Rendered /Users/nashthedev/.rvm/gems/ruby-3.2.0/gems/avo-2.33.2/app/views/avo/partials/_footer.html.erb (Duration: 1.7ms | Allocations: 208)
  Rendered /Users/nashthedev/.rvm/gems/ruby-3.2.0/gems/avo-2.33.2/app/views/avo/partials/_scripts.html.erb (Duration: 1.0ms | Allocations: 93)
  Rendered layout /Users/nashthedev/.rvm/gems/ruby-3.2.0/gems/avo-2.33.2/app/views/layouts/avo/application.html.erb (Duration: 208.0ms | Allocations: 31622)
Completed 200 OK in 1621ms (Views: 210.2ms | ActiveRecord: 0.0ms | Allocations: 89754)


Started GET "/avo-assets/avo.base.css" for 127.0.0.1 at 2023-06-04 13:57:51 +0300
Started GET "/avo-assets/logo.png" for 127.0.0.1 at 2023-06-04 13:57:51 +0300
Started GET "/avo-assets/logomark.png" for 127.0.0.1 at 2023-06-04 13:57:51 +0300
Started GET "/avo-assets/avo.base.js" for 127.0.0.1 at 2023-06-04 13:57:51 +0300
Started GET "/avo-assets/fonts/inter-v7-latin-regular.woff2" for 127.0.0.1 at 2023-06-04 13:57:51 +0300
Started GET "/avo-assets/fonts/inter-v7-latin-700.woff2" for 127.0.0.1 at 2023-06-04 13:57:51 +0300
Started GET "/avo-assets/fonts/inter-v7-latin-500.woff2" for 127.0.0.1 at 2023-06-04 13:57:51 +0300
Started GET "/avo-assets/fonts/inter-v7-latin-600.woff2" for 127.0.0.1 at 2023-06-04 13:57:51 +0300
Started GET "/avo-assets/favicon.ico" for 127.0.0.1 at 2023-06-04 13:57:52 +0300
Started GET "/admin/" for 127.0.0.1 at 2023-06-04 13:58:11 +0300
Processing by Avo::HomeController#index as HTML
  Rendering layout /Users/nashthedev/.rvm/gems/ruby-3.2.0/gems/avo-2.33.2/app/views/layouts/avo/application.html.erb
  Rendering /Users/nashthedev/.rvm/gems/ruby-3.2.0/gems/avo-2.33.2/app/views/avo/home/index.html.erb within layouts/avo/application
  Rendered /Users/nashthedev/.rvm/gems/ruby-3.2.0/gems/avo-2.33.2/app/views/avo/home/_resources.html.erb (Duration: 0.1ms | Allocations: 26)
  Rendered /Users/nashthedev/.rvm/gems/ruby-3.2.0/gems/avo-2.33.2/app/views/avo/home/_dashboards.html.erb (Duration: 0.0ms | Allocations: 8)
  Rendered /Users/nashthedev/.rvm/gems/ruby-3.2.0/gems/avo-2.33.2/app/views/avo/home/_filters.html.erb (Duration: 0.1ms | Allocations: 8)
  Rendered /Users/nashthedev/.rvm/gems/ruby-3.2.0/gems/avo-2.33.2/app/views/avo/home/_actions.html.erb (Duration: 0.0ms | Allocations: 8)
  Rendered /Users/nashthedev/.rvm/gems/ruby-3.2.0/gems/avo-2.33.2/app/views/avo/home/_docs.html.erb (Duration: 0.0ms | Allocations: 8)
  Rendered /Users/nashthedev/.rvm/gems/ruby-3.2.0/gems/avo-2.33.2/app/views/avo/home/index.html.erb within layouts/avo/application (Duration: 2.9ms | Allocations: 1117)
  Rendered /Users/nashthedev/.rvm/gems/ruby-3.2.0/gems/avo-2.33.2/app/views/avo/partials/_javascript.html.erb (Duration: 0.3ms | Allocations: 94)
  Rendered /Users/nashthedev/.rvm/gems/ruby-3.2.0/gems/avo-2.33.2/app/views/avo/partials/_branding.html.erb (Duration: 0.2ms | Allocations: 154)
  Rendered /Users/nashthedev/.rvm/gems/ruby-3.2.0/gems/avo-2.33.2/app/views/avo/partials/_pre_head.html.erb (Duration: 0.0ms | Allocations: 8)
  Rendered /Users/nashthedev/.rvm/gems/ruby-3.2.0/gems/avo-2.33.2/app/views/avo/partials/_head.html.erb (Duration: 0.0ms | Allocations: 8)
  Rendered /Users/nashthedev/.rvm/gems/ruby-3.2.0/gems/avo-2.33.2/app/views/avo/partials/_logo.html.erb (Duration: 0.2ms | Allocations: 203)
  Rendered /Users/nashthedev/.rvm/gems/ruby-3.2.0/gems/avo-2.33.2/app/views/avo/partials/_global_search.html.erb (Duration: 0.1ms | Allocations: 35)
  Rendered /Users/nashthedev/.rvm/gems/ruby-3.2.0/gems/avo-2.33.2/app/views/avo/partials/_header.html.erb (Duration: 0.1ms | Allocations: 47)
  Rendered /Users/nashthedev/.rvm/gems/ruby-3.2.0/gems/avo-2.33.2/app/views/avo/partials/_navbar.html.erb (Duration: 5.3ms | Allocations: 2877)
  Rendered /Users/nashthedev/.rvm/gems/ruby-3.2.0/gems/avo-2.33.2/app/views/avo/partials/_sidebar_extra.html.erb (Duration: 0.0ms | Allocations: 8)
  Rendered /Users/nashthedev/.rvm/gems/ruby-3.2.0/gems/avo-2.33.2/app/views/avo/sidebar/_license_warnings.html.erb (Duration: 0.0ms | Allocations: 9)
  Rendered /Users/nashthedev/.rvm/gems/ruby-3.2.0/gems/avo-2.33.2/app/views/avo/partials/_sidebar_extra.html.erb (Duration: 0.0ms | Allocations: 8)
  Rendered /Users/nashthedev/.rvm/gems/ruby-3.2.0/gems/avo-2.33.2/app/views/avo/sidebar/_license_warnings.html.erb (Duration: 0.0ms | Allocations: 9)
  Rendered /Users/nashthedev/.rvm/gems/ruby-3.2.0/gems/avo-2.33.2/app/views/avo/partials/_custom_tools_alert.html.erb (Duration: 0.0ms | Allocations: 9)
  Rendered /Users/nashthedev/.rvm/gems/ruby-3.2.0/gems/avo-2.33.2/app/views/avo/partials/_footer.html.erb (Duration: 0.0ms | Allocations: 15)
  Rendered /Users/nashthedev/.rvm/gems/ruby-3.2.0/gems/avo-2.33.2/app/views/avo/partials/_scripts.html.erb (Duration: 0.0ms | Allocations: 8)
  Rendered layout /Users/nashthedev/.rvm/gems/ruby-3.2.0/gems/avo-2.33.2/app/views/layouts/avo/application.html.erb (Duration: 26.7ms | Allocations: 12292)
Completed 200 OK in 31ms (Views: 27.2ms | ActiveRecord: 0.0ms | Allocations: 13581)


Started GET "/avo-assets/avo.base.css" for 127.0.0.1 at 2023-06-04 13:58:11 +0300
